#-----------------------------------------------------------
# Vivado v2019.2.1 (64-bit)
# SW Build 2729669 on Thu Dec  5 04:49:17 MST 2019
# IP Build 2729494 on Thu Dec  5 07:38:25 MST 2019
# Start of session at: Sun Nov  7 11:09:42 2021
# Process ID: 45312
# Current directory: C:/Users/kingd/Documents/GitHub/ECE369AryDavidRusty/labs9-15
# Command line: vivado.exe -gui_launcher_event rodinguilauncherevent50488 C:\Users\kingd\Documents\GitHub\ECE369AryDavidRusty\labs9-15\labs9-15.xpr
# Log file: C:/Users/kingd/Documents/GitHub/ECE369AryDavidRusty/labs9-15/vivado.log
# Journal file: C:/Users/kingd/Documents/GitHub/ECE369AryDavidRusty/labs9-15\vivado.jou
#-----------------------------------------------------------
start_gui
open_project C:/Users/kingd/Documents/GitHub/ECE369AryDavidRusty/labs9-15/labs9-15.xpr
INFO: [Project 1-313] Project file moved from 'F:/ECE369AryDavidRusty/labs9-15' since last save.
CRITICAL WARNING: [Project 1-19] Could not find the file 'D:/Downloads/instruction_memory.mem'.
Scanning sources...
Finished scanning sources
INFO: [IP_Flow 19-234] Refreshing IP repositories
INFO: [IP_Flow 19-1704] No user IP repositories specified
INFO: [IP_Flow 19-2313] Loaded Vivado IP repository 'C:/Xilinx/Vivado/2019.2/data/ip'.
open_project: Time (s): cpu = 00:00:16 ; elapsed = 00:00:09 . Memory (MB): peak = 919.883 ; gain = 223.363
update_compile_order -fileset sources_1
close [ open C:/Users/kingd/Documents/GitHub/ECE369AryDavidRusty/labs9-15/labs9-15.srcs/sources_1/new/ForwardingUnit.v w ]
add_files C:/Users/kingd/Documents/GitHub/ECE369AryDavidRusty/labs9-15/labs9-15.srcs/sources_1/new/ForwardingUnit.v
update_compile_order -fileset sources_1
