#-----------------------------------------------------------
# Vivado v2019.2 (64-bit)
# SW Build 2708876 on Wed Nov  6 21:40:23 MST 2019
# IP Build 2700528 on Thu Nov  7 00:09:20 MST 2019
# Start of session at: Sat Oct 16 17:11:10 2021
# Process ID: 3032
# Current directory: F:/ECE369AryDavidRusty/labs9-15
# Command line: vivado.exe -gui_launcher_event rodinguilauncherevent9388 F:\ECE369AryDavidRusty\labs9-15\labs9-15.xpr
# Log file: F:/ECE369AryDavidRusty/labs9-15/vivado.log
# Journal file: F:/ECE369AryDavidRusty/labs9-15\vivado.jou
#-----------------------------------------------------------
start_gui
open_project F:/ECE369AryDavidRusty/labs9-15/labs9-15.xpr
INFO: [Project 1-313] Project file moved from 'C:/Users/rrine/VivadoProjects/labs9-15' since last save.
Scanning sources...
Finished scanning sources
INFO: [IP_Flow 19-234] Refreshing IP repositories
INFO: [IP_Flow 19-1704] No user IP repositories specified
INFO: [IP_Flow 19-2313] Loaded Vivado IP repository 'C:/Xilinx/Vivado/2019.2/data/ip'.
open_project: Time (s): cpu = 00:00:14 ; elapsed = 00:00:07 . Memory (MB): peak = 774.387 ; gain = 151.117
update_compile_order -fileset sources_1
exit
INFO: [Common 17-206] Exiting Vivado at Sat Oct 16 17:15:43 2021...
