#-----------------------------------------------------------
# Vivado v2019.2 (64-bit)
# SW Build 2708876 on Wed Nov  6 21:40:23 MST 2019
# IP Build 2700528 on Thu Nov  7 00:09:20 MST 2019
# Start of session at: Sat Oct  9 11:09:12 2021
# Process ID: 25408
# Current directory: C:/Users/rrine/VivadoProjects/labs9-15
# Command line: vivado.exe -gui_launcher_event rodinguilauncherevent13672 C:\Users\rrine\VivadoProjects\labs9-15\labs9-15.xpr
# Log file: C:/Users/rrine/VivadoProjects/labs9-15/vivado.log
# Journal file: C:/Users/rrine/VivadoProjects/labs9-15\vivado.jou
#-----------------------------------------------------------
start_gui
open_project C:/Users/rrine/VivadoProjects/labs9-15/labs9-15.xpr
Scanning sources...
Finished scanning sources
INFO: [IP_Flow 19-234] Refreshing IP repositories
INFO: [IP_Flow 19-1704] No user IP repositories specified
INFO: [IP_Flow 19-2313] Loaded Vivado IP repository 'C:/Xilinx/Vivado/2019.2/data/ip'.
update_compile_order -fileset sources_1
exit
INFO: [Common 17-206] Exiting Vivado at Sat Oct  9 12:08:15 2021...
