#-----------------------------------------------------------
# Vivado v2019.2.1 (64-bit)
# SW Build 2729669 on Thu Dec  5 04:49:17 MST 2019
# IP Build 2729494 on Thu Dec  5 07:38:25 MST 2019
# Start of session at: Wed Dec  1 14:01:20 2021
# Process ID: 18000
# Current directory: C:/Users/kingd/Documents/GitHub/ECE369AryDavidRusty/Competition/labs9-15
# Command line: vivado.exe -gui_launcher_event rodinguilauncherevent42424 C:\Users\kingd\Documents\GitHub\ECE369AryDavidRusty\Competition\labs9-15\labs9-15.xpr
# Log file: C:/Users/kingd/Documents/GitHub/ECE369AryDavidRusty/Competition/labs9-15/vivado.log
# Journal file: C:/Users/kingd/Documents/GitHub/ECE369AryDavidRusty/Competition/labs9-15\vivado.jou
#-----------------------------------------------------------
start_gui
open_project C:/Users/kingd/Documents/GitHub/ECE369AryDavidRusty/Competition/labs9-15/labs9-15.xpr
INFO: [Project 1-313] Project file moved from 'C:/Users/rrine/VivadoProjects/ECE369AryDavidRusty/Competition/labs9-15' since last save.
Scanning sources...
Finished scanning sources
INFO: [IP_Flow 19-234] Refreshing IP repositories
INFO: [IP_Flow 19-1704] No user IP repositories specified
INFO: [IP_Flow 19-2313] Loaded Vivado IP repository 'C:/Xilinx/Vivado/2019.2/data/ip'.
open_project: Time (s): cpu = 00:00:25 ; elapsed = 00:00:14 . Memory (MB): peak = 875.676 ; gain = 227.195
update_compile_order -fileset sources_1
close [ open C:/Users/kingd/Documents/GitHub/ECE369AryDavidRusty/Competition/labs9-15/labs9-15.srcs/sources_1/new/SADCalculator.v w ]
add_files C:/Users/kingd/Documents/GitHub/ECE369AryDavidRusty/Competition/labs9-15/labs9-15.srcs/sources_1/new/SADCalculator.v
update_compile_order -fileset sources_1
