#-----------------------------------------------------------
# Vivado v2019.2 (64-bit)
# SW Build 2708876 on Wed Nov  6 21:40:23 MST 2019
# IP Build 2700528 on Thu Nov  7 00:09:20 MST 2019
# Start of session at: Mon Nov 29 13:54:20 2021
# Process ID: 15652
# Current directory: C:/Users/aryna/ECE369AryDavidRusty/Competition/labs9-15
# Command line: vivado.exe -gui_launcher_event rodinguilauncherevent23596 C:\Users\aryna\ECE369AryDavidRusty\Competition\labs9-15\labs9-15.xpr
# Log file: C:/Users/aryna/ECE369AryDavidRusty/Competition/labs9-15/vivado.log
# Journal file: C:/Users/aryna/ECE369AryDavidRusty/Competition/labs9-15\vivado.jou
#-----------------------------------------------------------
start_gui
open_project C:/Users/aryna/ECE369AryDavidRusty/Competition/labs9-15/labs9-15.xpr
INFO: [Project 1-313] Project file moved from 'C:/Users/rrine/VivadoProjects/ECE369AryDavidRusty/labs9-15' since last save.
Scanning sources...
Finished scanning sources
INFO: [IP_Flow 19-234] Refreshing IP repositories
INFO: [IP_Flow 19-1704] No user IP repositories specified
INFO: [IP_Flow 19-2313] Loaded Vivado IP repository 'C:/Xilinx/Vivado/2019.2/data/ip'.
open_project: Time (s): cpu = 00:00:33 ; elapsed = 00:00:20 . Memory (MB): peak = 874.797 ; gain = 253.027
update_compile_order -fileset sources_1
close [ open C:/Users/aryna/ECE369AryDavidRusty/Competition/labs9-15/labs9-15.srcs/sources_1/new/SecondRegister.v w ]
add_files C:/Users/aryna/ECE369AryDavidRusty/Competition/labs9-15/labs9-15.srcs/sources_1/new/SecondRegister.v
update_compile_order -fileset sources_1
