#-----------------------------------------------------------
# Vivado v2019.2 (64-bit)
# SW Build 2708876 on Wed Nov  6 21:40:23 MST 2019
# IP Build 2700528 on Thu Nov  7 00:09:20 MST 2019
# Start of session at: Tue Aug 31 16:11:25 2021
# Process ID: 12876
# Current directory: F:/ECE369AryDavidRusty/labs1-3
# Command line: vivado.exe -gui_launcher_event rodinguilauncherevent6856 F:\ECE369AryDavidRusty\labs1-3\labs1-3.xpr
# Log file: F:/ECE369AryDavidRusty/labs1-3/vivado.log
# Journal file: F:/ECE369AryDavidRusty/labs1-3\vivado.jou
#-----------------------------------------------------------
start_gui
open_project F:/ECE369AryDavidRusty/labs1-3/labs1-3.xpr
INFO: [Project 1-313] Project file moved from 'C:/Users/rrine/VivadoProjects/labs1-3' since last save.
Scanning sources...
Finished scanning sources
WARNING: [filemgmt 56-2] IPUserFilesDir: Could not find the directory 'F:/ECE369AryDavidRusty/labs1-3/labs1-3.ip_user_files', nor could it be found using path 'C:/Users/rrine/VivadoProjects/labs1-3/labs1-3.ip_user_files'.
INFO: [IP_Flow 19-234] Refreshing IP repositories
INFO: [IP_Flow 19-1704] No user IP repositories specified
INFO: [IP_Flow 19-2313] Loaded Vivado IP repository 'C:/Xilinx/Vivado/2019.2/data/ip'.
open_project: Time (s): cpu = 00:00:12 ; elapsed = 00:00:06 . Memory (MB): peak = 754.277 ; gain = 125.797
update_compile_order -fileset sources_1
launch_simulation
Command: launch_simulation 
INFO: [Vivado 12-5682] Launching behavioral simulation in 'F:/ECE369AryDavidRusty/labs1-3/labs1-3.sim/sim_1/behav/xsim'
INFO: [SIM-utils-51] Simulation object is 'sim_1'
INFO: [SIM-utils-54] Inspecting design source files for 'InstructionMemory_tb' in fileset 'sim_1'...
INFO: [USF-XSim-97] Finding global include files...
INFO: [USF-XSim-98] Fetching design files from 'sim_1'...
INFO: [USF-XSim-2] XSim::Compile design
INFO: [USF-XSim-61] Executing 'COMPILE and ANALYZE' step in 'F:/ECE369AryDavidRusty/labs1-3/labs1-3.sim/sim_1/behav/xsim'
"xvlog --incr --relax -prj InstructionMemory_tb_vlog.prj"
INFO: [VRFC 10-2263] Analyzing Verilog file "F:/ECE369AryDavidRusty/labs1-3/labs1-3.srcs/sources_1/new/InstructionMemory.v" into library xil_defaultlib
INFO: [VRFC 10-311] analyzing module InstructionMemory
INFO: [VRFC 10-2263] Analyzing Verilog file "F:/ECE369AryDavidRusty/labs1-3/labs1-3.srcs/sim_1/new/InstructionMemory_tb.v" into library xil_defaultlib
INFO: [VRFC 10-311] analyzing module InstructionMemory_tb
INFO: [VRFC 10-2263] Analyzing Verilog file "F:/ECE369AryDavidRusty/labs1-3/labs1-3.sim/sim_1/behav/xsim/glbl.v" into library xil_defaultlib
INFO: [VRFC 10-311] analyzing module glbl
INFO: [USF-XSim-69] 'compile' step finished in '1' seconds
INFO: [USF-XSim-3] XSim::Elaborate design
INFO: [USF-XSim-61] Executing 'ELABORATE' step in 'F:/ECE369AryDavidRusty/labs1-3/labs1-3.sim/sim_1/behav/xsim'
"xelab -wto 2b755213d6c6408a841e048bf61a8eaf --incr --debug typical --relax --mt 2 -L xil_defaultlib -L unisims_ver -L unimacro_ver -L secureip --snapshot InstructionMemory_tb_behav xil_defaultlib.InstructionMemory_tb xil_defaultlib.glbl -log elaborate.log"
Vivado Simulator 2019.2
Copyright 1986-1999, 2001-2019 Xilinx, Inc. All Rights Reserved.
Running: C:/Xilinx/Vivado/2019.2/bin/unwrapped/win64.o/xelab.exe -wto 2b755213d6c6408a841e048bf61a8eaf --incr --debug typical --relax --mt 2 -L xil_defaultlib -L unisims_ver -L unimacro_ver -L secureip --snapshot InstructionMemory_tb_behav xil_defaultlib.InstructionMemory_tb xil_defaultlib.glbl -log elaborate.log 
Using 2 slave threads.
Starting static elaboration
Pass Through NonSizing Optimizer
Completed static elaboration
Starting simulation data flow analysis
Completed simulation data flow analysis
Time Resolution for simulation is 1ps
Compiling module xil_defaultlib.InstructionMemory
Compiling module xil_defaultlib.InstructionMemory_tb
Compiling module xil_defaultlib.glbl
Built simulation snapshot InstructionMemory_tb_behav

****** Webtalk v2019.2 (64-bit)
  **** SW Build 2708876 on Wed Nov  6 21:40:23 MST 2019
  **** IP Build 2700528 on Thu Nov  7 00:09:20 MST 2019
    ** Copyright 1986-2019 Xilinx, Inc. All Rights Reserved.

source F:/ECE369AryDavidRusty/labs1-3/labs1-3.sim/sim_1/behav/xsim/xsim.dir/InstructionMemory_tb_behav/webtalk/xsim_webtalk.tcl -notrace
INFO: [Common 17-186] 'F:/ECE369AryDavidRusty/labs1-3/labs1-3.sim/sim_1/behav/xsim/xsim.dir/InstructionMemory_tb_behav/webtalk/usage_statistics_ext_xsim.xml' has been successfully sent to Xilinx on Tue Aug 31 16:12:56 2021. For additional details about this file, please refer to the WebTalk help file at C:/Xilinx/Vivado/2019.2/doc/webtalk_introduction.html.
INFO: [Common 17-206] Exiting Webtalk at Tue Aug 31 16:12:56 2021...
run_program: Time (s): cpu = 00:00:01 ; elapsed = 00:00:07 . Memory (MB): peak = 758.852 ; gain = 0.000
INFO: [USF-XSim-69] 'elaborate' step finished in '7' seconds
INFO: [USF-XSim-4] XSim::Simulate design
INFO: [USF-XSim-61] Executing 'SIMULATE' step in 'F:/ECE369AryDavidRusty/labs1-3/labs1-3.sim/sim_1/behav/xsim'
INFO: [USF-XSim-98] *** Running xsim
   with args "InstructionMemory_tb_behav -key {Behavioral:sim_1:Functional:InstructionMemory_tb} -tclbatch {InstructionMemory_tb.tcl} -log {simulate.log}"
INFO: [USF-XSim-8] Loading simulator feature
Vivado Simulator 2019.2
Time resolution is 1 ps
source InstructionMemory_tb.tcl
# set curr_wave [current_wave_config]
# if { [string length $curr_wave] == 0 } {
#   if { [llength [get_objects]] > 0} {
#     add_wave /
#     set_property needs_save false [current_wave_config]
#   } else {
#      send_msg_id Add_Wave-1 WARNING "No top level signals found. Simulator will start without a wave window. If you want to open a wave window go to 'File->New Waveform Configuration' or type 'create_wave_config' in the TCL console."
#   }
# }
# run 1000ns
INFO: [USF-XSim-96] XSim completed. Design snapshot 'InstructionMemory_tb_behav' loaded.
INFO: [USF-XSim-97] XSim simulation ran for 1000ns
launch_simulation: Time (s): cpu = 00:00:07 ; elapsed = 00:00:12 . Memory (MB): peak = 782.668 ; gain = 23.816
close_sim
INFO: [Simtcl 6-16] Simulation closed
exit
INFO: [Common 17-206] Exiting Vivado at Tue Aug 31 16:32:40 2021...
