INFO: [VRFC 10-2263] Analyzing Verilog file "F:/ECE369AryDavidRusty/labs9-15/labs9-15.sim/sim_1/impl/func/xsim/TopLevel_tb_func_impl.v" into library xil_defaultlib
INFO: [VRFC 10-311] analyzing module ALU32Bit
INFO: [VRFC 10-311] analyzing module Adder
INFO: [VRFC 10-311] analyzing module BranchDetection
INFO: [VRFC 10-311] analyzing module ClkDiv
INFO: [VRFC 10-311] analyzing module DataMemory
INFO: [VRFC 10-311] analyzing module HiLoReg
INFO: [VRFC 10-311] analyzing module InstructionMemory
INFO: [VRFC 10-311] analyzing module Mux32Bit2To1
INFO: [VRFC 10-311] analyzing module Mux32Bit2To1_0
INFO: [VRFC 10-311] analyzing module Mux32Bit2To1__4
INFO: [VRFC 10-311] analyzing module Mux32Bit3to1
INFO: [VRFC 10-311] analyzing module Mux32Bit3to1__3
INFO: [VRFC 10-311] analyzing module Mux5Bit3to1
INFO: [VRFC 10-311] analyzing module PCAdder
INFO: [VRFC 10-311] analyzing module ProgramCounter
INFO: [VRFC 10-311] analyzing module RegEX_MEM
INFO: [VRFC 10-311] analyzing module RegID_EX
INFO: [VRFC 10-311] analyzing module RegIF_ID
INFO: [VRFC 10-311] analyzing module RegMEM_WB
INFO: [VRFC 10-311] analyzing module RegisterFile
INFO: [VRFC 10-311] analyzing module StoreMasker
INFO: [VRFC 10-311] analyzing module TopLevel
INFO: [VRFC 10-311] analyzing module TopTopLevel
INFO: [VRFC 10-311] analyzing module Two4DigitDisplay
INFO: [VRFC 10-311] analyzing module WordMask
INFO: [VRFC 10-311] analyzing module glbl
INFO: [VRFC 10-2263] Analyzing Verilog file "F:/ECE369AryDavidRusty/labs9-15/labs9-15.srcs/sources_1/new/ALU32Bit.v" into library xil_defaultlib
INFO: [VRFC 10-311] analyzing module ALU32Bit
WARNING: [VRFC 10-3609] overwriting previous definition of module 'ALU32Bit' [F:/ECE369AryDavidRusty/labs9-15/labs9-15.srcs/sources_1/new/ALU32Bit.v:29]
INFO: [VRFC 10-2263] Analyzing Verilog file "F:/ECE369AryDavidRusty/labs9-15/labs9-15.srcs/sources_1/new/Adder.v" into library xil_defaultlib
INFO: [VRFC 10-311] analyzing module Adder
WARNING: [VRFC 10-3609] overwriting previous definition of module 'Adder' [F:/ECE369AryDavidRusty/labs9-15/labs9-15.srcs/sources_1/new/Adder.v:23]
INFO: [VRFC 10-2263] Analyzing Verilog file "F:/ECE369AryDavidRusty/labs9-15/labs9-15.srcs/sources_1/new/AndGate.v" into library xil_defaultlib
INFO: [VRFC 10-311] analyzing module AndGate
INFO: [VRFC 10-2263] Analyzing Verilog file "F:/ECE369AryDavidRusty/labs9-15/labs9-15.srcs/sources_1/new/BranchDetection.v" into library xil_defaultlib
INFO: [VRFC 10-311] analyzing module BranchDetection
WARNING: [VRFC 10-3609] overwriting previous definition of module 'BranchDetection' [F:/ECE369AryDavidRusty/labs9-15/labs9-15.srcs/sources_1/new/BranchDetection.v:23]
INFO: [VRFC 10-2263] Analyzing Verilog file "F:/ECE369AryDavidRusty/labs9-15/labs9-15.srcs/sources_1/new/Controller.v" into library xil_defaultlib
INFO: [VRFC 10-311] analyzing module Controller
INFO: [VRFC 10-2263] Analyzing Verilog file "F:/ECE369AryDavidRusty/labs9-15/labs9-15.srcs/sources_1/new/DataMemory.v" into library xil_defaultlib
INFO: [VRFC 10-311] analyzing module DataMemory
WARNING: [VRFC 10-634] event expressions must result in a singular type [F:/ECE369AryDavidRusty/labs9-15/labs9-15.srcs/sources_1/new/DataMemory.v:62]
WARNING: [VRFC 10-3609] overwriting previous definition of module 'DataMemory' [F:/ECE369AryDavidRusty/labs9-15/labs9-15.srcs/sources_1/new/DataMemory.v:38]
INFO: [VRFC 10-2263] Analyzing Verilog file "F:/ECE369AryDavidRusty/labs9-15/labs9-15.srcs/sources_1/new/HiLoReg.v" into library xil_defaultlib
INFO: [VRFC 10-311] analyzing module HiLoReg
WARNING: [VRFC 10-3609] overwriting previous definition of module 'HiLoReg' [F:/ECE369AryDavidRusty/labs9-15/labs9-15.srcs/sources_1/new/HiLoReg.v:23]
INFO: [VRFC 10-2263] Analyzing Verilog file "F:/ECE369AryDavidRusty/labs9-15/labs9-15.srcs/sources_1/new/InstructionMemory.v" into library xil_defaultlib
INFO: [VRFC 10-311] analyzing module InstructionMemory
WARNING: [VRFC 10-3609] overwriting previous definition of module 'InstructionMemory' [F:/ECE369AryDavidRusty/labs9-15/labs9-15.srcs/sources_1/new/InstructionMemory.v:39]
INFO: [VRFC 10-2263] Analyzing Verilog file "F:/ECE369AryDavidRusty/labs9-15/labs9-15.srcs/sources_1/new/Mux1Bit2To1.v" into library xil_defaultlib
INFO: [VRFC 10-311] analyzing module Mux1Bit2To1
INFO: [VRFC 10-2263] Analyzing Verilog file "F:/ECE369AryDavidRusty/labs9-15/labs9-15.srcs/sources_1/new/Mux32Bit2To1.v" into library xil_defaultlib
INFO: [VRFC 10-311] analyzing module Mux32Bit2To1
WARNING: [VRFC 10-3609] overwriting previous definition of module 'Mux32Bit2To1' [F:/ECE369AryDavidRusty/labs9-15/labs9-15.srcs/sources_1/new/Mux32Bit2To1.v:10]
INFO: [VRFC 10-2263] Analyzing Verilog file "F:/ECE369AryDavidRusty/labs9-15/labs9-15.srcs/sources_1/new/Mux32Bit3to1.v" into library xil_defaultlib
INFO: [VRFC 10-311] analyzing module Mux32Bit3to1
WARNING: [VRFC 10-3609] overwriting previous definition of module 'Mux32Bit3to1' [F:/ECE369AryDavidRusty/labs9-15/labs9-15.srcs/sources_1/new/Mux32Bit3to1.v:23]
INFO: [VRFC 10-2263] Analyzing Verilog file "F:/ECE369AryDavidRusty/labs9-15/labs9-15.srcs/sources_1/new/Mux5Bit3to1.v" into library xil_defaultlib
INFO: [VRFC 10-311] analyzing module Mux5Bit3to1
WARNING: [VRFC 10-3609] overwriting previous definition of module 'Mux5Bit3to1' [F:/ECE369AryDavidRusty/labs9-15/labs9-15.srcs/sources_1/new/Mux5Bit3to1.v:23]
INFO: [VRFC 10-2263] Analyzing Verilog file "F:/ECE369AryDavidRusty/labs9-15/labs9-15.srcs/sources_1/new/OrGate.v" into library xil_defaultlib
INFO: [VRFC 10-311] analyzing module OrGate
INFO: [VRFC 10-2263] Analyzing Verilog file "F:/ECE369AryDavidRusty/labs9-15/labs9-15.srcs/sources_1/new/PCAdder.v" into library xil_defaultlib
INFO: [VRFC 10-311] analyzing module PCAdder
WARNING: [VRFC 10-3609] overwriting previous definition of module 'PCAdder' [F:/ECE369AryDavidRusty/labs9-15/labs9-15.srcs/sources_1/new/PCAdder.v:22]
INFO: [VRFC 10-2263] Analyzing Verilog file "F:/ECE369AryDavidRusty/labs9-15/labs9-15.srcs/sources_1/new/ProgramCounter.v" into library xil_defaultlib
INFO: [VRFC 10-311] analyzing module ProgramCounter
WARNING: [VRFC 10-3609] overwriting previous definition of module 'ProgramCounter' [F:/ECE369AryDavidRusty/labs9-15/labs9-15.srcs/sources_1/new/ProgramCounter.v:27]
INFO: [VRFC 10-2263] Analyzing Verilog file "F:/ECE369AryDavidRusty/labs9-15/labs9-15.srcs/sources_1/new/RegEX_MEM.v" into library xil_defaultlib
INFO: [VRFC 10-311] analyzing module RegEX_MEM
WARNING: [VRFC 10-3609] overwriting previous definition of module 'RegEX_MEM' [F:/ECE369AryDavidRusty/labs9-15/labs9-15.srcs/sources_1/new/RegEX_MEM.v:23]
INFO: [VRFC 10-2263] Analyzing Verilog file "F:/ECE369AryDavidRusty/labs9-15/labs9-15.srcs/sources_1/new/RegID_EX.v" into library xil_defaultlib
INFO: [VRFC 10-311] analyzing module RegID_EX
WARNING: [VRFC 10-3609] overwriting previous definition of module 'RegID_EX' [F:/ECE369AryDavidRusty/labs9-15/labs9-15.srcs/sources_1/new/RegID_EX.v:23]
INFO: [VRFC 10-2263] Analyzing Verilog file "F:/ECE369AryDavidRusty/labs9-15/labs9-15.srcs/sources_1/new/RegIF_ID.v" into library xil_defaultlib
INFO: [VRFC 10-311] analyzing module RegIF_ID
WARNING: [VRFC 10-3609] overwriting previous definition of module 'RegIF_ID' [F:/ECE369AryDavidRusty/labs9-15/labs9-15.srcs/sources_1/new/RegIF_ID.v:23]
INFO: [VRFC 10-2263] Analyzing Verilog file "F:/ECE369AryDavidRusty/labs9-15/labs9-15.srcs/sources_1/new/RegMEM_WB.v" into library xil_defaultlib
INFO: [VRFC 10-311] analyzing module RegMEM_WB
WARNING: [VRFC 10-3609] overwriting previous definition of module 'RegMEM_WB' [F:/ECE369AryDavidRusty/labs9-15/labs9-15.srcs/sources_1/new/RegMEM_WB.v:23]
INFO: [VRFC 10-2263] Analyzing Verilog file "F:/ECE369AryDavidRusty/labs9-15/labs9-15.srcs/sources_1/new/RegisterFile.v" into library xil_defaultlib
INFO: [VRFC 10-311] analyzing module RegisterFile
WARNING: [VRFC 10-3609] overwriting previous definition of module 'RegisterFile' [F:/ECE369AryDavidRusty/labs9-15/labs9-15.srcs/sources_1/new/RegisterFile.v:51]
INFO: [VRFC 10-2263] Analyzing Verilog file "F:/ECE369AryDavidRusty/labs9-15/labs9-15.srcs/sources_1/new/ShiftLeft2.v" into library xil_defaultlib
INFO: [VRFC 10-311] analyzing module ShiftLeft2
INFO: [VRFC 10-2263] Analyzing Verilog file "F:/ECE369AryDavidRusty/labs9-15/labs9-15.srcs/sources_1/new/ShifterID.v" into library xil_defaultlib
INFO: [VRFC 10-311] analyzing module ShifterID
INFO: [VRFC 10-2263] Analyzing Verilog file "F:/ECE369AryDavidRusty/labs9-15/labs9-15.srcs/sources_1/new/SignExtension.v" into library xil_defaultlib
INFO: [VRFC 10-311] analyzing module SignExtension
INFO: [VRFC 10-2263] Analyzing Verilog file "F:/ECE369AryDavidRusty/labs9-15/labs9-15.srcs/sources_1/new/StoreMasker.v" into library xil_defaultlib
INFO: [VRFC 10-311] analyzing module StoreMasker
WARNING: [VRFC 10-3609] overwriting previous definition of module 'StoreMasker' [F:/ECE369AryDavidRusty/labs9-15/labs9-15.srcs/sources_1/new/StoreMasker.v:23]
INFO: [VRFC 10-2263] Analyzing Verilog file "F:/ECE369AryDavidRusty/labs9-15/labs9-15.srcs/sources_1/new/TopLevel.v" into library xil_defaultlib
INFO: [VRFC 10-311] analyzing module TopLevel
INFO: [VRFC 10-2458] undeclared symbol JrMEM, assumed default net type wire [F:/ECE369AryDavidRusty/labs9-15/labs9-15.srcs/sources_1/new/TopLevel.v:33]
INFO: [VRFC 10-2458] undeclared symbol JumpInstructionID, assumed default net type wire [F:/ECE369AryDavidRusty/labs9-15/labs9-15.srcs/sources_1/new/TopLevel.v:40]
INFO: [VRFC 10-2458] undeclared symbol JumpID, assumed default net type wire [F:/ECE369AryDavidRusty/labs9-15/labs9-15.srcs/sources_1/new/TopLevel.v:41]
WARNING: [VRFC 10-2938] 'JumpInstructionID' is already implicitly declared on line 40 [F:/ECE369AryDavidRusty/labs9-15/labs9-15.srcs/sources_1/new/TopLevel.v:61]
INFO: [VRFC 10-2458] undeclared symbol RegDstMuxWB, assumed default net type wire [F:/ECE369AryDavidRusty/labs9-15/labs9-15.srcs/sources_1/new/TopLevel.v:81]
INFO: [VRFC 10-2458] undeclared symbol HiLoOrNormalWB, assumed default net type wire [F:/ECE369AryDavidRusty/labs9-15/labs9-15.srcs/sources_1/new/TopLevel.v:93]
INFO: [VRFC 10-2458] undeclared symbol ALUResult64WB, assumed default net type wire [F:/ECE369AryDavidRusty/labs9-15/labs9-15.srcs/sources_1/new/TopLevel.v:99]
INFO: [VRFC 10-2458] undeclared symbol HiLoControlWB, assumed default net type wire [F:/ECE369AryDavidRusty/labs9-15/labs9-15.srcs/sources_1/new/TopLevel.v:100]
INFO: [VRFC 10-2458] undeclared symbol JrID, assumed default net type wire [F:/ECE369AryDavidRusty/labs9-15/labs9-15.srcs/sources_1/new/TopLevel.v:134]
WARNING: [VRFC 10-2938] 'JrID' is already implicitly declared on line 134 [F:/ECE369AryDavidRusty/labs9-15/labs9-15.srcs/sources_1/new/TopLevel.v:136]
WARNING: [VRFC 10-2938] 'JumpID' is already implicitly declared on line 41 [F:/ECE369AryDavidRusty/labs9-15/labs9-15.srcs/sources_1/new/TopLevel.v:138]
INFO: [VRFC 10-2458] undeclared symbol RegWriteID, assumed default net type wire [F:/ECE369AryDavidRusty/labs9-15/labs9-15.srcs/sources_1/new/TopLevel.v:144]
INFO: [VRFC 10-2458] undeclared symbol BranchEX, assumed default net type wire [F:/ECE369AryDavidRusty/labs9-15/labs9-15.srcs/sources_1/new/TopLevel.v:183]
WARNING: [VRFC 10-2938] 'JrMEM' is already implicitly declared on line 33 [F:/ECE369AryDavidRusty/labs9-15/labs9-15.srcs/sources_1/new/TopLevel.v:277]
INFO: [VRFC 10-2458] undeclared symbol ZeroMEM, assumed default net type wire [F:/ECE369AryDavidRusty/labs9-15/labs9-15.srcs/sources_1/new/TopLevel.v:306]
INFO: [VRFC 10-2458] undeclared symbol JrMuxOutMEM, assumed default net type wire [F:/ECE369AryDavidRusty/labs9-15/labs9-15.srcs/sources_1/new/TopLevel.v:312]
INFO: [VRFC 10-2458] undeclared symbol ReadDataMEM, assumed default net type wire [F:/ECE369AryDavidRusty/labs9-15/labs9-15.srcs/sources_1/new/TopLevel.v:332]
INFO: [VRFC 10-2458] undeclared symbol MovMuxOut, assumed default net type wire [F:/ECE369AryDavidRusty/labs9-15/labs9-15.srcs/sources_1/new/TopLevel.v:354]
WARNING: [VRFC 10-2938] 'ReadDataMEM' is already implicitly declared on line 332 [F:/ECE369AryDavidRusty/labs9-15/labs9-15.srcs/sources_1/new/TopLevel.v:361]
WARNING: [VRFC 10-2938] 'RegDstMuxWB' is already implicitly declared on line 81 [F:/ECE369AryDavidRusty/labs9-15/labs9-15.srcs/sources_1/new/TopLevel.v:363]
WARNING: [VRFC 10-2938] 'ALUResult64WB' is already implicitly declared on line 99 [F:/ECE369AryDavidRusty/labs9-15/labs9-15.srcs/sources_1/new/TopLevel.v:364]
WARNING: [VRFC 10-2938] 'HiLoControlWB' is already implicitly declared on line 100 [F:/ECE369AryDavidRusty/labs9-15/labs9-15.srcs/sources_1/new/TopLevel.v:365]
WARNING: [VRFC 10-2938] 'HiLoOrNormalWB' is already implicitly declared on line 93 [F:/ECE369AryDavidRusty/labs9-15/labs9-15.srcs/sources_1/new/TopLevel.v:366]
WARNING: [VRFC 10-3380] identifier 'HiLoOrNormalMuxOut' is used before its declaration [F:/ECE369AryDavidRusty/labs9-15/labs9-15.srcs/sources_1/new/TopLevel.v:16]
WARNING: [VRFC 10-3380] identifier 'PCResult' is used before its declaration [F:/ECE369AryDavidRusty/labs9-15/labs9-15.srcs/sources_1/new/TopLevel.v:17]
WARNING: [VRFC 10-3380] identifier 'Hi_Debug' is used before its declaration [F:/ECE369AryDavidRusty/labs9-15/labs9-15.srcs/sources_1/new/TopLevel.v:18]
WARNING: [VRFC 10-3380] identifier 'Lo_Debug' is used before its declaration [F:/ECE369AryDavidRusty/labs9-15/labs9-15.srcs/sources_1/new/TopLevel.v:19]
WARNING: [VRFC 10-3609] overwriting previous definition of module 'TopLevel' [F:/ECE369AryDavidRusty/labs9-15/labs9-15.srcs/sources_1/new/TopLevel.v:6]
INFO: [VRFC 10-2263] Analyzing Verilog file "F:/ECE369AryDavidRusty/labs9-15/labs9-15.srcs/sources_1/new/WordMask.v" into library xil_defaultlib
INFO: [VRFC 10-311] analyzing module WordMask
WARNING: [VRFC 10-3609] overwriting previous definition of module 'WordMask' [F:/ECE369AryDavidRusty/labs9-15/labs9-15.srcs/sources_1/new/WordMask.v:23]
INFO: [VRFC 10-2263] Analyzing Verilog file "F:/ECE369AryDavidRusty/labs9-15/labs9-15.srcs/sources_1/new/ZeroExtention.v" into library xil_defaultlib
INFO: [VRFC 10-311] analyzing module ZeroExtention
INFO: [VRFC 10-2263] Analyzing Verilog file "F:/ECE369AryDavidRusty/labs9-15/labs9-15.srcs/sim_1/new/TopLevel_tb.v" into library xil_defaultlib
INFO: [VRFC 10-311] analyzing module TopLevel_tb
