#-----------------------------------------------------------
# Vivado v2019.2 (64-bit)
# SW Build 2708876 on Wed Nov  6 21:40:23 MST 2019
# IP Build 2700528 on Thu Nov  7 00:09:20 MST 2019
# Start of session at: Mon Oct  4 20:20:32 2021
# Process ID: 24992
# Current directory: C:/Users/rrine/VivadoProjects/labs5-8
# Command line: vivado.exe -gui_launcher_event rodinguilauncherevent22192 C:\Users\rrine\VivadoProjects\labs5-8\labs5-8.xpr
# Log file: C:/Users/rrine/VivadoProjects/labs5-8/vivado.log
# Journal file: C:/Users/rrine/VivadoProjects/labs5-8\vivado.jou
#-----------------------------------------------------------
start_gui
open_project C:/Users/rrine/VivadoProjects/labs5-8/labs5-8.xpr
INFO: [Project 1-313] Project file moved from 'C:/Users/aryna/ECE369AryDavidRusty/labs5-8' since last save.
Scanning sources...
Finished scanning sources
INFO: [IP_Flow 19-234] Refreshing IP repositories
INFO: [IP_Flow 19-1704] No user IP repositories specified
INFO: [IP_Flow 19-2313] Loaded Vivado IP repository 'C:/Xilinx/Vivado/2019.2/data/ip'.
open_project: Time (s): cpu = 00:00:12 ; elapsed = 00:00:05 . Memory (MB): peak = 818.656 ; gain = 145.105
update_compile_order -fileset sources_1
exit
INFO: [Common 17-206] Exiting Vivado at Mon Oct  4 22:38:45 2021...
