#-----------------------------------------------------------
# Vivado v2019.2 (64-bit)
# SW Build 2708876 on Wed Nov  6 21:40:23 MST 2019
# IP Build 2700528 on Thu Nov  7 00:09:20 MST 2019
# Start of session at: Wed Sep 29 20:39:38 2021
# Process ID: 12772
# Current directory: C:/Users/rrine/VivadoProjects/labs5-8
# Command line: vivado.exe -gui_launcher_event rodinguilauncherevent5060 C:\Users\rrine\VivadoProjects\labs5-8\labs5-8.xpr
# Log file: C:/Users/rrine/VivadoProjects/labs5-8/vivado.log
# Journal file: C:/Users/rrine/VivadoProjects/labs5-8\vivado.jou
#-----------------------------------------------------------
start_gui
open_project C:/Users/rrine/VivadoProjects/labs5-8/labs5-8.xpr
INFO: [Project 1-313] Project file moved from 'C:/Users/aryna/ECE369AryDavidRusty/labs5-8' since last save.
Scanning sources...
Finished scanning sources
INFO: [IP_Flow 19-234] Refreshing IP repositories
INFO: [IP_Flow 19-1704] No user IP repositories specified
INFO: [IP_Flow 19-2313] Loaded Vivado IP repository 'C:/Xilinx/Vivado/2019.2/data/ip'.
open_project: Time (s): cpu = 00:00:11 ; elapsed = 00:00:05 . Memory (MB): peak = 761.391 ; gain = 94.965
update_compile_order -fileset sources_1
update_compile_order -fileset sources_1
update_compile_order -fileset sources_1
launch_simulation
Command: launch_simulation 
INFO: [Vivado 12-5682] Launching behavioral simulation in 'C:/Users/rrine/VivadoProjects/labs5-8/labs5-8.sim/sim_1/behav/xsim'
INFO: [SIM-utils-51] Simulation object is 'sim_1'
INFO: [SIM-utils-54] Inspecting design source files for 'RegisterFile_tb' in fileset 'sim_1'...
INFO: [USF-XSim-97] Finding global include files...
INFO: [USF-XSim-98] Fetching design files from 'sim_1'...
INFO: [USF-XSim-2] XSim::Compile design
INFO: [USF-XSim-61] Executing 'COMPILE and ANALYZE' step in 'C:/Users/rrine/VivadoProjects/labs5-8/labs5-8.sim/sim_1/behav/xsim'
"xvlog --incr --relax -prj RegisterFile_tb_vlog.prj"
INFO: [VRFC 10-2263] Analyzing Verilog file "C:/Users/rrine/VivadoProjects/labs5-8/labs5-8.srcs/sources_1/new/RegisterFile.v" into library xil_defaultlib
INFO: [VRFC 10-311] analyzing module RegisterFile
INFO: [VRFC 10-2263] Analyzing Verilog file "C:/Users/rrine/VivadoProjects/labs5-8/labs5-8.srcs/sim_1/new/RegisterFile_tb.v" into library xil_defaultlib
INFO: [VRFC 10-311] analyzing module RegisterFile_tb
INFO: [VRFC 10-2263] Analyzing Verilog file "C:/Users/rrine/VivadoProjects/labs5-8/labs5-8.sim/sim_1/behav/xsim/glbl.v" into library xil_defaultlib
INFO: [VRFC 10-311] analyzing module glbl
INFO: [USF-XSim-69] 'compile' step finished in '2' seconds
INFO: [USF-XSim-3] XSim::Elaborate design
INFO: [USF-XSim-61] Executing 'ELABORATE' step in 'C:/Users/rrine/VivadoProjects/labs5-8/labs5-8.sim/sim_1/behav/xsim'
"xelab -wto a53a9eaacc4944029d9715047f1e6ea0 --incr --debug typical --relax --mt 2 -L xil_defaultlib -L unisims_ver -L unimacro_ver -L secureip --snapshot RegisterFile_tb_behav xil_defaultlib.RegisterFile_tb xil_defaultlib.glbl -log elaborate.log"
Vivado Simulator 2019.2
Copyright 1986-1999, 2001-2019 Xilinx, Inc. All Rights Reserved.
Running: C:/Xilinx/Vivado/2019.2/bin/unwrapped/win64.o/xelab.exe -wto a53a9eaacc4944029d9715047f1e6ea0 --incr --debug typical --relax --mt 2 -L xil_defaultlib -L unisims_ver -L unimacro_ver -L secureip --snapshot RegisterFile_tb_behav xil_defaultlib.RegisterFile_tb xil_defaultlib.glbl -log elaborate.log 
Using 2 slave threads.
Starting static elaboration
Pass Through NonSizing Optimizer
Completed static elaboration
Starting simulation data flow analysis
Completed simulation data flow analysis
Time Resolution for simulation is 1ps
Compiling module xil_defaultlib.RegisterFile
Compiling module xil_defaultlib.RegisterFile_tb
Compiling module xil_defaultlib.glbl
Built simulation snapshot RegisterFile_tb_behav

****** Webtalk v2019.2 (64-bit)
  **** SW Build 2708876 on Wed Nov  6 21:40:23 MST 2019
  **** IP Build 2700528 on Thu Nov  7 00:09:20 MST 2019
    ** Copyright 1986-2019 Xilinx, Inc. All Rights Reserved.

source C:/Users/rrine/VivadoProjects/labs5-8/labs5-8.sim/sim_1/behav/xsim/xsim.dir/RegisterFile_tb_behav/webtalk/xsim_webtalk.tcl -notrace
INFO: [Common 17-186] 'C:/Users/rrine/VivadoProjects/labs5-8/labs5-8.sim/sim_1/behav/xsim/xsim.dir/RegisterFile_tb_behav/webtalk/usage_statistics_ext_xsim.xml' has been successfully sent to Xilinx on Wed Sep 29 21:25:31 2021. For additional details about this file, please refer to the WebTalk help file at C:/Xilinx/Vivado/2019.2/doc/webtalk_introduction.html.
INFO: [Common 17-206] Exiting Webtalk at Wed Sep 29 21:25:31 2021...
run_program: Time (s): cpu = 00:00:01 ; elapsed = 00:00:08 . Memory (MB): peak = 792.699 ; gain = 0.000
INFO: [USF-XSim-69] 'elaborate' step finished in '8' seconds
INFO: [USF-XSim-4] XSim::Simulate design
INFO: [USF-XSim-61] Executing 'SIMULATE' step in 'C:/Users/rrine/VivadoProjects/labs5-8/labs5-8.sim/sim_1/behav/xsim'
INFO: [USF-XSim-98] *** Running xsim
   with args "RegisterFile_tb_behav -key {Behavioral:sim_1:Functional:RegisterFile_tb} -tclbatch {RegisterFile_tb.tcl} -log {simulate.log}"
INFO: [USF-XSim-8] Loading simulator feature
Vivado Simulator 2019.2
Time resolution is 1 ps
source RegisterFile_tb.tcl
# set curr_wave [current_wave_config]
# if { [string length $curr_wave] == 0 } {
#   if { [llength [get_objects]] > 0} {
#     add_wave /
#     set_property needs_save false [current_wave_config]
#   } else {
#      send_msg_id Add_Wave-1 WARNING "No top level signals found. Simulator will start without a wave window. If you want to open a wave window go to 'File->New Waveform Configuration' or type 'create_wave_config' in the TCL console."
#   }
# }
# run 1000ns
INFO: [USF-XSim-96] XSim completed. Design snapshot 'RegisterFile_tb_behav' loaded.
INFO: [USF-XSim-97] XSim simulation ran for 1000ns
launch_simulation: Time (s): cpu = 00:00:09 ; elapsed = 00:00:15 . Memory (MB): peak = 856.082 ; gain = 63.383
close_sim
INFO: [Simtcl 6-16] Simulation closed
close_sim: Time (s): cpu = 00:00:04 ; elapsed = 00:00:07 . Memory (MB): peak = 867.074 ; gain = 0.000
set_property top ALU32Bit_tb [get_filesets sim_1]
set_property top_lib xil_defaultlib [get_filesets sim_1]
update_compile_order -fileset sim_1
launch_simulation
Command: launch_simulation 
INFO: [Vivado 12-5682] Launching behavioral simulation in 'C:/Users/rrine/VivadoProjects/labs5-8/labs5-8.sim/sim_1/behav/xsim'
INFO: [SIM-utils-51] Simulation object is 'sim_1'
INFO: [SIM-utils-54] Inspecting design source files for 'ALU32Bit_tb' in fileset 'sim_1'...
INFO: [USF-XSim-97] Finding global include files...
INFO: [USF-XSim-98] Fetching design files from 'sim_1'...
INFO: [USF-XSim-2] XSim::Compile design
INFO: [USF-XSim-61] Executing 'COMPILE and ANALYZE' step in 'C:/Users/rrine/VivadoProjects/labs5-8/labs5-8.sim/sim_1/behav/xsim'
"xvlog --incr --relax -prj ALU32Bit_tb_vlog.prj"
INFO: [VRFC 10-2263] Analyzing Verilog file "C:/Users/rrine/VivadoProjects/labs5-8/labs5-8.srcs/sources_1/new/ALU32Bit.v" into library xil_defaultlib
INFO: [VRFC 10-311] analyzing module ALU32Bit
INFO: [VRFC 10-2263] Analyzing Verilog file "C:/Users/rrine/VivadoProjects/labs5-8/labs5-8.srcs/sim_1/new/ALU32Bit_tb.v" into library xil_defaultlib
INFO: [VRFC 10-311] analyzing module ALU32Bit_tb
ERROR: [VRFC 10-5010] illegal character '3' in binary number 6'b3 [C:/Users/rrine/VivadoProjects/labs5-8/labs5-8.srcs/sim_1/new/ALU32Bit_tb.v:46]
ERROR: [VRFC 10-5010] illegal character '4' in binary number 6'b4 [C:/Users/rrine/VivadoProjects/labs5-8/labs5-8.srcs/sim_1/new/ALU32Bit_tb.v:51]
ERROR: [VRFC 10-5010] illegal character '5' in binary number 6'b5 [C:/Users/rrine/VivadoProjects/labs5-8/labs5-8.srcs/sim_1/new/ALU32Bit_tb.v:56]
ERROR: [VRFC 10-2865] module 'ALU32Bit_tb' ignored due to previous errors [C:/Users/rrine/VivadoProjects/labs5-8/labs5-8.srcs/sim_1/new/ALU32Bit_tb.v:10]
INFO: [USF-XSim-69] 'compile' step finished in '2' seconds
INFO: [USF-XSim-99] Step results log file:'C:/Users/rrine/VivadoProjects/labs5-8/labs5-8.sim/sim_1/behav/xsim/xvlog.log'
ERROR: [USF-XSim-62] 'compile' step failed with error(s). Please check the Tcl console output or 'C:/Users/rrine/VivadoProjects/labs5-8/labs5-8.sim/sim_1/behav/xsim/xvlog.log' file for more information.
ERROR: [Vivado 12-4473] Detected error while running simulation. Please correct the issue and retry this operation.
ERROR: [Common 17-39] 'launch_simulation' failed due to earlier errors.
launch_simulation
Command: launch_simulation 
INFO: [Vivado 12-5682] Launching behavioral simulation in 'C:/Users/rrine/VivadoProjects/labs5-8/labs5-8.sim/sim_1/behav/xsim'
INFO: [SIM-utils-51] Simulation object is 'sim_1'
INFO: [SIM-utils-54] Inspecting design source files for 'ALU32Bit_tb' in fileset 'sim_1'...
INFO: [USF-XSim-97] Finding global include files...
INFO: [USF-XSim-98] Fetching design files from 'sim_1'...
INFO: [USF-XSim-2] XSim::Compile design
INFO: [USF-XSim-61] Executing 'COMPILE and ANALYZE' step in 'C:/Users/rrine/VivadoProjects/labs5-8/labs5-8.sim/sim_1/behav/xsim'
"xvlog --incr --relax -prj ALU32Bit_tb_vlog.prj"
INFO: [VRFC 10-2263] Analyzing Verilog file "C:/Users/rrine/VivadoProjects/labs5-8/labs5-8.srcs/sources_1/new/ALU32Bit.v" into library xil_defaultlib
INFO: [VRFC 10-311] analyzing module ALU32Bit
INFO: [VRFC 10-2263] Analyzing Verilog file "C:/Users/rrine/VivadoProjects/labs5-8/labs5-8.srcs/sim_1/new/ALU32Bit_tb.v" into library xil_defaultlib
INFO: [VRFC 10-311] analyzing module ALU32Bit_tb
ERROR: [VRFC 10-5010] illegal character '2' in binary number 5'b00102 [C:/Users/rrine/VivadoProjects/labs5-8/labs5-8.srcs/sim_1/new/ALU32Bit_tb.v:56]
ERROR: [VRFC 10-2865] module 'ALU32Bit_tb' ignored due to previous errors [C:/Users/rrine/VivadoProjects/labs5-8/labs5-8.srcs/sim_1/new/ALU32Bit_tb.v:10]
INFO: [USF-XSim-69] 'compile' step finished in '2' seconds
INFO: [USF-XSim-99] Step results log file:'C:/Users/rrine/VivadoProjects/labs5-8/labs5-8.sim/sim_1/behav/xsim/xvlog.log'
ERROR: [USF-XSim-62] 'compile' step failed with error(s). Please check the Tcl console output or 'C:/Users/rrine/VivadoProjects/labs5-8/labs5-8.sim/sim_1/behav/xsim/xvlog.log' file for more information.
ERROR: [Vivado 12-4473] Detected error while running simulation. Please correct the issue and retry this operation.
ERROR: [Common 17-39] 'launch_simulation' failed due to earlier errors.
launch_simulation
Command: launch_simulation 
INFO: [Vivado 12-5682] Launching behavioral simulation in 'C:/Users/rrine/VivadoProjects/labs5-8/labs5-8.sim/sim_1/behav/xsim'
INFO: [SIM-utils-51] Simulation object is 'sim_1'
INFO: [SIM-utils-54] Inspecting design source files for 'ALU32Bit_tb' in fileset 'sim_1'...
INFO: [USF-XSim-97] Finding global include files...
INFO: [USF-XSim-98] Fetching design files from 'sim_1'...
INFO: [USF-XSim-2] XSim::Compile design
INFO: [USF-XSim-61] Executing 'COMPILE and ANALYZE' step in 'C:/Users/rrine/VivadoProjects/labs5-8/labs5-8.sim/sim_1/behav/xsim'
"xvlog --incr --relax -prj ALU32Bit_tb_vlog.prj"
INFO: [VRFC 10-2263] Analyzing Verilog file "C:/Users/rrine/VivadoProjects/labs5-8/labs5-8.srcs/sources_1/new/ALU32Bit.v" into library xil_defaultlib
INFO: [VRFC 10-311] analyzing module ALU32Bit
INFO: [VRFC 10-2263] Analyzing Verilog file "C:/Users/rrine/VivadoProjects/labs5-8/labs5-8.srcs/sim_1/new/ALU32Bit_tb.v" into library xil_defaultlib
INFO: [VRFC 10-311] analyzing module ALU32Bit_tb
INFO: [USF-XSim-69] 'compile' step finished in '2' seconds
INFO: [USF-XSim-3] XSim::Elaborate design
INFO: [USF-XSim-61] Executing 'ELABORATE' step in 'C:/Users/rrine/VivadoProjects/labs5-8/labs5-8.sim/sim_1/behav/xsim'
"xelab -wto a53a9eaacc4944029d9715047f1e6ea0 --incr --debug typical --relax --mt 2 -L xil_defaultlib -L unisims_ver -L unimacro_ver -L secureip --snapshot ALU32Bit_tb_behav xil_defaultlib.ALU32Bit_tb xil_defaultlib.glbl -log elaborate.log"
Vivado Simulator 2019.2
Copyright 1986-1999, 2001-2019 Xilinx, Inc. All Rights Reserved.
Running: C:/Xilinx/Vivado/2019.2/bin/unwrapped/win64.o/xelab.exe -wto a53a9eaacc4944029d9715047f1e6ea0 --incr --debug typical --relax --mt 2 -L xil_defaultlib -L unisims_ver -L unimacro_ver -L secureip --snapshot ALU32Bit_tb_behav xil_defaultlib.ALU32Bit_tb xil_defaultlib.glbl -log elaborate.log 
Using 2 slave threads.
Starting static elaboration
Pass Through NonSizing Optimizer
WARNING: [VRFC 10-3091] actual bit length 4 differs from formal bit length 5 for port 'ALUControl' [C:/Users/rrine/VivadoProjects/labs5-8/labs5-8.srcs/sim_1/new/ALU32Bit_tb.v:19]
Completed static elaboration
Starting simulation data flow analysis
Completed simulation data flow analysis
Time Resolution for simulation is 1ps
Compiling module xil_defaultlib.ALU32Bit
Compiling module xil_defaultlib.ALU32Bit_tb
Compiling module xil_defaultlib.glbl
Built simulation snapshot ALU32Bit_tb_behav

****** Webtalk v2019.2 (64-bit)
  **** SW Build 2708876 on Wed Nov  6 21:40:23 MST 2019
  **** IP Build 2700528 on Thu Nov  7 00:09:20 MST 2019
    ** Copyright 1986-2019 Xilinx, Inc. All Rights Reserved.

source C:/Users/rrine/VivadoProjects/labs5-8/labs5-8.sim/sim_1/behav/xsim/xsim.dir/ALU32Bit_tb_behav/webtalk/xsim_webtalk.tcl -notrace
INFO: [Common 17-186] 'C:/Users/rrine/VivadoProjects/labs5-8/labs5-8.sim/sim_1/behav/xsim/xsim.dir/ALU32Bit_tb_behav/webtalk/usage_statistics_ext_xsim.xml' has been successfully sent to Xilinx on Wed Sep 29 21:28:11 2021. For additional details about this file, please refer to the WebTalk help file at C:/Xilinx/Vivado/2019.2/doc/webtalk_introduction.html.
INFO: [Common 17-206] Exiting Webtalk at Wed Sep 29 21:28:11 2021...
run_program: Time (s): cpu = 00:00:00 ; elapsed = 00:00:07 . Memory (MB): peak = 867.074 ; gain = 0.000
INFO: [USF-XSim-69] 'elaborate' step finished in '8' seconds
INFO: [USF-XSim-4] XSim::Simulate design
INFO: [USF-XSim-61] Executing 'SIMULATE' step in 'C:/Users/rrine/VivadoProjects/labs5-8/labs5-8.sim/sim_1/behav/xsim'
INFO: [USF-XSim-98] *** Running xsim
   with args "ALU32Bit_tb_behav -key {Behavioral:sim_1:Functional:ALU32Bit_tb} -tclbatch {ALU32Bit_tb.tcl} -log {simulate.log}"
INFO: [USF-XSim-8] Loading simulator feature
Vivado Simulator 2019.2
Time resolution is 1 ps
source ALU32Bit_tb.tcl
# set curr_wave [current_wave_config]
# if { [string length $curr_wave] == 0 } {
#   if { [llength [get_objects]] > 0} {
#     add_wave /
#     set_property needs_save false [current_wave_config]
#   } else {
#      send_msg_id Add_Wave-1 WARNING "No top level signals found. Simulator will start without a wave window. If you want to open a wave window go to 'File->New Waveform Configuration' or type 'create_wave_config' in the TCL console."
#   }
# }
# run 1000ns
INFO: [USF-XSim-96] XSim completed. Design snapshot 'ALU32Bit_tb_behav' loaded.
INFO: [USF-XSim-97] XSim simulation ran for 1000ns
launch_simulation: Time (s): cpu = 00:00:05 ; elapsed = 00:00:12 . Memory (MB): peak = 867.074 ; gain = 0.000
close_sim
INFO: [Simtcl 6-16] Simulation closed
close_sim: Time (s): cpu = 00:00:00 ; elapsed = 00:00:06 . Memory (MB): peak = 867.074 ; gain = 0.000
launch_simulation
Command: launch_simulation 
INFO: [Vivado 12-5682] Launching behavioral simulation in 'C:/Users/rrine/VivadoProjects/labs5-8/labs5-8.sim/sim_1/behav/xsim'
INFO: [SIM-utils-51] Simulation object is 'sim_1'
INFO: [SIM-utils-54] Inspecting design source files for 'ALU32Bit_tb' in fileset 'sim_1'...
INFO: [USF-XSim-97] Finding global include files...
INFO: [USF-XSim-98] Fetching design files from 'sim_1'...
INFO: [USF-XSim-2] XSim::Compile design
INFO: [USF-XSim-61] Executing 'COMPILE and ANALYZE' step in 'C:/Users/rrine/VivadoProjects/labs5-8/labs5-8.sim/sim_1/behav/xsim'
"xvlog --incr --relax -prj ALU32Bit_tb_vlog.prj"
INFO: [VRFC 10-2263] Analyzing Verilog file "C:/Users/rrine/VivadoProjects/labs5-8/labs5-8.srcs/sources_1/new/ALU32Bit.v" into library xil_defaultlib
INFO: [VRFC 10-311] analyzing module ALU32Bit
INFO: [VRFC 10-2263] Analyzing Verilog file "C:/Users/rrine/VivadoProjects/labs5-8/labs5-8.srcs/sim_1/new/ALU32Bit_tb.v" into library xil_defaultlib
INFO: [VRFC 10-311] analyzing module ALU32Bit_tb
INFO: [USF-XSim-69] 'compile' step finished in '2' seconds
INFO: [USF-XSim-3] XSim::Elaborate design
INFO: [USF-XSim-61] Executing 'ELABORATE' step in 'C:/Users/rrine/VivadoProjects/labs5-8/labs5-8.sim/sim_1/behav/xsim'
"xelab -wto a53a9eaacc4944029d9715047f1e6ea0 --incr --debug typical --relax --mt 2 -L xil_defaultlib -L unisims_ver -L unimacro_ver -L secureip --snapshot ALU32Bit_tb_behav xil_defaultlib.ALU32Bit_tb xil_defaultlib.glbl -log elaborate.log"
Vivado Simulator 2019.2
Copyright 1986-1999, 2001-2019 Xilinx, Inc. All Rights Reserved.
Running: C:/Xilinx/Vivado/2019.2/bin/unwrapped/win64.o/xelab.exe -wto a53a9eaacc4944029d9715047f1e6ea0 --incr --debug typical --relax --mt 2 -L xil_defaultlib -L unisims_ver -L unimacro_ver -L secureip --snapshot ALU32Bit_tb_behav xil_defaultlib.ALU32Bit_tb xil_defaultlib.glbl -log elaborate.log 
Using 2 slave threads.
Starting static elaboration
Pass Through NonSizing Optimizer
Completed static elaboration
Starting simulation data flow analysis
Completed simulation data flow analysis
Time Resolution for simulation is 1ps
Compiling module xil_defaultlib.ALU32Bit
Compiling module xil_defaultlib.ALU32Bit_tb
Compiling module xil_defaultlib.glbl
Built simulation snapshot ALU32Bit_tb_behav
INFO: [USF-XSim-69] 'elaborate' step finished in '2' seconds
INFO: [USF-XSim-4] XSim::Simulate design
INFO: [USF-XSim-61] Executing 'SIMULATE' step in 'C:/Users/rrine/VivadoProjects/labs5-8/labs5-8.sim/sim_1/behav/xsim'
INFO: [USF-XSim-98] *** Running xsim
   with args "ALU32Bit_tb_behav -key {Behavioral:sim_1:Functional:ALU32Bit_tb} -tclbatch {ALU32Bit_tb.tcl} -log {simulate.log}"
INFO: [USF-XSim-8] Loading simulator feature
Vivado Simulator 2019.2
Time resolution is 1 ps
source ALU32Bit_tb.tcl
# set curr_wave [current_wave_config]
# if { [string length $curr_wave] == 0 } {
#   if { [llength [get_objects]] > 0} {
#     add_wave /
#     set_property needs_save false [current_wave_config]
#   } else {
#      send_msg_id Add_Wave-1 WARNING "No top level signals found. Simulator will start without a wave window. If you want to open a wave window go to 'File->New Waveform Configuration' or type 'create_wave_config' in the TCL console."
#   }
# }
# run 1000ns
INFO: [USF-XSim-96] XSim completed. Design snapshot 'ALU32Bit_tb_behav' loaded.
INFO: [USF-XSim-97] XSim simulation ran for 1000ns
launch_simulation: Time (s): cpu = 00:00:03 ; elapsed = 00:00:07 . Memory (MB): peak = 867.074 ; gain = 0.000
close_sim
INFO: [Simtcl 6-16] Simulation closed
launch_simulation
Command: launch_simulation 
INFO: [Vivado 12-5682] Launching behavioral simulation in 'C:/Users/rrine/VivadoProjects/labs5-8/labs5-8.sim/sim_1/behav/xsim'
INFO: [SIM-utils-51] Simulation object is 'sim_1'
INFO: [SIM-utils-54] Inspecting design source files for 'ALU32Bit_tb' in fileset 'sim_1'...
INFO: [USF-XSim-97] Finding global include files...
INFO: [USF-XSim-98] Fetching design files from 'sim_1'...
INFO: [USF-XSim-2] XSim::Compile design
INFO: [USF-XSim-61] Executing 'COMPILE and ANALYZE' step in 'C:/Users/rrine/VivadoProjects/labs5-8/labs5-8.sim/sim_1/behav/xsim'
"xvlog --incr --relax -prj ALU32Bit_tb_vlog.prj"
INFO: [VRFC 10-2263] Analyzing Verilog file "C:/Users/rrine/VivadoProjects/labs5-8/labs5-8.srcs/sources_1/new/ALU32Bit.v" into library xil_defaultlib
INFO: [VRFC 10-311] analyzing module ALU32Bit
INFO: [VRFC 10-2263] Analyzing Verilog file "C:/Users/rrine/VivadoProjects/labs5-8/labs5-8.srcs/sim_1/new/ALU32Bit_tb.v" into library xil_defaultlib
INFO: [VRFC 10-311] analyzing module ALU32Bit_tb
INFO: [USF-XSim-69] 'compile' step finished in '2' seconds
INFO: [USF-XSim-3] XSim::Elaborate design
INFO: [USF-XSim-61] Executing 'ELABORATE' step in 'C:/Users/rrine/VivadoProjects/labs5-8/labs5-8.sim/sim_1/behav/xsim'
"xelab -wto a53a9eaacc4944029d9715047f1e6ea0 --incr --debug typical --relax --mt 2 -L xil_defaultlib -L unisims_ver -L unimacro_ver -L secureip --snapshot ALU32Bit_tb_behav xil_defaultlib.ALU32Bit_tb xil_defaultlib.glbl -log elaborate.log"
Vivado Simulator 2019.2
Copyright 1986-1999, 2001-2019 Xilinx, Inc. All Rights Reserved.
Running: C:/Xilinx/Vivado/2019.2/bin/unwrapped/win64.o/xelab.exe -wto a53a9eaacc4944029d9715047f1e6ea0 --incr --debug typical --relax --mt 2 -L xil_defaultlib -L unisims_ver -L unimacro_ver -L secureip --snapshot ALU32Bit_tb_behav xil_defaultlib.ALU32Bit_tb xil_defaultlib.glbl -log elaborate.log 
Using 2 slave threads.
Starting static elaboration
Pass Through NonSizing Optimizer
Completed static elaboration
Starting simulation data flow analysis
Completed simulation data flow analysis
Time Resolution for simulation is 1ps
Compiling module xil_defaultlib.ALU32Bit
Compiling module xil_defaultlib.ALU32Bit_tb
Compiling module xil_defaultlib.glbl
Built simulation snapshot ALU32Bit_tb_behav
INFO: [USF-XSim-69] 'elaborate' step finished in '2' seconds
INFO: [USF-XSim-4] XSim::Simulate design
INFO: [USF-XSim-61] Executing 'SIMULATE' step in 'C:/Users/rrine/VivadoProjects/labs5-8/labs5-8.sim/sim_1/behav/xsim'
INFO: [USF-XSim-98] *** Running xsim
   with args "ALU32Bit_tb_behav -key {Behavioral:sim_1:Functional:ALU32Bit_tb} -tclbatch {ALU32Bit_tb.tcl} -log {simulate.log}"
INFO: [USF-XSim-8] Loading simulator feature
Vivado Simulator 2019.2
Time resolution is 1 ps
source ALU32Bit_tb.tcl
# set curr_wave [current_wave_config]
# if { [string length $curr_wave] == 0 } {
#   if { [llength [get_objects]] > 0} {
#     add_wave /
#     set_property needs_save false [current_wave_config]
#   } else {
#      send_msg_id Add_Wave-1 WARNING "No top level signals found. Simulator will start without a wave window. If you want to open a wave window go to 'File->New Waveform Configuration' or type 'create_wave_config' in the TCL console."
#   }
# }
# run 1000ns
INFO: [USF-XSim-96] XSim completed. Design snapshot 'ALU32Bit_tb_behav' loaded.
INFO: [USF-XSim-97] XSim simulation ran for 1000ns
launch_simulation: Time (s): cpu = 00:00:03 ; elapsed = 00:00:07 . Memory (MB): peak = 867.074 ; gain = 0.000
close_sim
INFO: [Simtcl 6-16] Simulation closed
exit
INFO: [Common 17-206] Exiting Vivado at Wed Sep 29 21:37:19 2021...
