#-----------------------------------------------------------
# Vivado v2019.2 (64-bit)
# SW Build 2708876 on Wed Nov  6 21:40:23 MST 2019
# IP Build 2700528 on Thu Nov  7 00:09:20 MST 2019
# Start of session at: Mon Oct  4 15:11:47 2021
# Process ID: 11124
# Current directory: C:/Users/aryna/ECE369AryDavidRusty/labs5-8
# Command line: vivado.exe -gui_launcher_event rodinguilauncherevent19452 C:\Users\aryna\ECE369AryDavidRusty\labs5-8\labs5-8.xpr
# Log file: C:/Users/aryna/ECE369AryDavidRusty/labs5-8/vivado.log
# Journal file: C:/Users/aryna/ECE369AryDavidRusty/labs5-8\vivado.jou
#-----------------------------------------------------------
start_gui
open_project C:/Users/aryna/ECE369AryDavidRusty/labs5-8/labs5-8.xpr
INFO: [Project 1-313] Project file moved from 'C:/Users/rrine/VivadoProjects/labs5-8' since last save.
Scanning sources...
Finished scanning sources
INFO: [IP_Flow 19-234] Refreshing IP repositories
INFO: [IP_Flow 19-1704] No user IP repositories specified
INFO: [IP_Flow 19-2313] Loaded Vivado IP repository 'C:/Xilinx/Vivado/2019.2/data/ip'.
open_project: Time (s): cpu = 00:00:19 ; elapsed = 00:00:14 . Memory (MB): peak = 864.320 ; gain = 248.020
update_compile_order -fileset sources_1
add_files -norecurse C:/Users/aryna/ECE369AryDavidRusty/labs5-8/labs5-8.srcs/sources_1/new/HiLoReg.v
update_compile_order -fileset sources_1
exit
INFO: [Common 17-206] Exiting Vivado at Mon Oct  4 15:13:05 2021...
