Copyright 1986-2019 Xilinx, Inc. All Rights Reserved.
----------------------------------------------------------------------------------------------------------------------------------------------
| Tool Version     : Vivado v.2019.2 (win64) Build 2708876 Wed Nov  6 21:40:23 MST 2019
| Date             : Mon Oct 25 13:04:52 2021
| Host             : DESKTOP-LH83A4C running 64-bit major release  (build 9200)
| Command          : report_power -file TopLevel_power_routed.rpt -pb TopLevel_power_summary_routed.pb -rpx TopLevel_power_routed.rpx
| Design           : TopLevel
| Device           : xc7a100tcsg324-1
| Design State     : routed
| Grade            : commercial
| Process          : typical
| Characterization : Production
----------------------------------------------------------------------------------------------------------------------------------------------

Power Report

Table of Contents
-----------------
1. Summary
1.1 On-Chip Components
1.2 Power Supply Summary
1.3 Confidence Level
2. Settings
2.1 Environment
2.2 Clock Constraints
3. Detailed Reports
3.1 By Hierarchy

1. Summary
----------

+--------------------------+----------------------------------+
| Total On-Chip Power (W)  | 76.823 (Junction temp exceeded!) |
| Design Power Budget (W)  | Unspecified*                     |
| Power Budget Margin (W)  | NA                               |
| Dynamic (W)              | 76.033                           |
| Device Static (W)        | 0.791                            |
| Effective TJA (C/W)      | 4.6                              |
| Max Ambient (C)          | 0.0                              |
| Junction Temperature (C) | 125.0                            |
| Confidence Level         | Low                              |
| Setting File             | ---                              |
| Simulation Activity File | ---                              |
| Design Nets Matched      | NA                               |
+--------------------------+----------------------------------+
* Specify Design Power Budget using, set_operating_conditions -design_power_budget <value in Watts>


1.1 On-Chip Components
----------------------

+--------------------------+-----------+----------+-----------+-----------------+
| On-Chip                  | Power (W) | Used     | Available | Utilization (%) |
+--------------------------+-----------+----------+-----------+-----------------+
| Slice Logic              |    16.928 |     6320 |       --- |             --- |
|   LUT as Logic           |    15.309 |     3045 |     63400 |            4.80 |
|   LUT as Distributed RAM |     0.638 |      512 |     19000 |            2.69 |
|   CARRY4                 |     0.501 |      119 |     15850 |            0.75 |
|   Register               |     0.293 |     1706 |    126800 |            1.35 |
|   F7/F8 Muxes            |     0.182 |      730 |     63400 |            1.15 |
|   BUFG                   |     0.006 |        1 |        32 |            3.13 |
|   Others                 |     0.000 |       15 |       --- |             --- |
| Signals                  |    21.246 |     4785 |       --- |             --- |
| DSPs                     |     1.023 |        8 |       240 |            3.33 |
| I/O                      |    36.835 |      130 |       210 |           61.90 |
| Static Power             |     0.791 |          |           |                 |
| Total                    |    76.823 |          |           |                 |
+--------------------------+-----------+----------+-----------+-----------------+


1.2 Power Supply Summary
------------------------

+-----------+-------------+-----------+-------------+------------+
| Source    | Voltage (V) | Total (A) | Dynamic (A) | Static (A) |
+-----------+-------------+-----------+-------------+------------+
| Vccint    |       1.000 |    39.764 |      39.201 |      0.563 |
| Vccaux    |       1.800 |     3.108 |       3.015 |      0.093 |
| Vcco33    |       3.300 |     0.000 |       0.000 |      0.000 |
| Vcco25    |       2.500 |     0.000 |       0.000 |      0.000 |
| Vcco18    |       1.800 |    17.451 |      17.447 |      0.004 |
| Vcco15    |       1.500 |     0.000 |       0.000 |      0.000 |
| Vcco135   |       1.350 |     0.000 |       0.000 |      0.000 |
| Vcco12    |       1.200 |     0.000 |       0.000 |      0.000 |
| Vccaux_io |       1.800 |     0.000 |       0.000 |      0.000 |
| Vccbram   |       1.000 |     0.018 |       0.000 |      0.018 |
| MGTAVcc   |       1.000 |     0.000 |       0.000 |      0.000 |
| MGTAVtt   |       1.200 |     0.000 |       0.000 |      0.000 |
| Vccadc    |       1.800 |     0.020 |       0.000 |      0.020 |
+-----------+-------------+-----------+-------------+------------+


1.3 Confidence Level
--------------------

+-----------------------------+------------+--------------------------------------------------------+--------------------------------------------------------------------------------------------------------------------+
| User Input Data             | Confidence | Details                                                | Action                                                                                                             |
+-----------------------------+------------+--------------------------------------------------------+--------------------------------------------------------------------------------------------------------------------+
| Design implementation state | High       | Design is routed                                       |                                                                                                                    |
| Clock nodes activity        | Low        | User specified less than 75% of clocks                 | Provide missing clock activity with a constraint file, simulation results or by editing the "By Clock Domain" view |
| I/O nodes activity          | Low        | More than 75% of inputs are missing user specification | Provide missing input activity with simulation results or by editing the "By Resource Type -> I/Os" view           |
| Internal nodes activity     | Medium     | User specified less than 25% of internal nodes         | Provide missing internal nodes activity with simulation results or by editing the "By Resource Type" views         |
| Device models               | High       | Device models are Production                           |                                                                                                                    |
|                             |            |                                                        |                                                                                                                    |
| Overall confidence level    | Low        |                                                        |                                                                                                                    |
+-----------------------------+------------+--------------------------------------------------------+--------------------------------------------------------------------------------------------------------------------+


2. Settings
-----------

2.1 Environment
---------------

+-----------------------+--------------------------+
| Ambient Temp (C)      | 25.0                     |
| ThetaJA (C/W)         | 4.6                      |
| Airflow (LFM)         | 250                      |
| Heat Sink             | medium (Medium Profile)  |
| ThetaSA (C/W)         | 4.6                      |
| Board Selection       | medium (10"x10")         |
| # of Board Layers     | 12to15 (12 to 15 Layers) |
| Board Temperature (C) | 25.0                     |
+-----------------------+--------------------------+


2.2 Clock Constraints
---------------------

+-------+--------+-----------------+
| Clock | Domain | Constraint (ns) |
+-------+--------+-----------------+


3. Detailed Reports
-------------------

3.1 By Hierarchy
----------------

+-------------------------------+-----------+
| Name                          | Power (W) |
+-------------------------------+-----------+
| TopLevel                      |    76.033 |
|   ALU                         |     1.924 |
|   Add                         |     0.222 |
|   Data                        |     1.021 |
|     Memory_reg_0_255_0_0      |     0.016 |
|     Memory_reg_0_255_10_10    |     0.004 |
|     Memory_reg_0_255_11_11    |     0.004 |
|     Memory_reg_0_255_12_12    |     0.007 |
|     Memory_reg_0_255_13_13    |     0.005 |
|     Memory_reg_0_255_14_14    |     0.005 |
|     Memory_reg_0_255_15_15    |     0.007 |
|     Memory_reg_0_255_16_16    |     0.008 |
|     Memory_reg_0_255_17_17    |     0.005 |
|     Memory_reg_0_255_18_18    |     0.005 |
|     Memory_reg_0_255_19_19    |     0.008 |
|     Memory_reg_0_255_1_1      |     0.007 |
|     Memory_reg_0_255_20_20    |     0.008 |
|     Memory_reg_0_255_21_21    |     0.007 |
|     Memory_reg_0_255_22_22    |     0.008 |
|     Memory_reg_0_255_23_23    |     0.008 |
|     Memory_reg_0_255_24_24    |     0.011 |
|     Memory_reg_0_255_25_25    |     0.008 |
|     Memory_reg_0_255_26_26    |     0.009 |
|     Memory_reg_0_255_27_27    |     0.008 |
|     Memory_reg_0_255_28_28    |     0.008 |
|     Memory_reg_0_255_29_29    |     0.008 |
|     Memory_reg_0_255_2_2      |     0.006 |
|     Memory_reg_0_255_30_30    |     0.010 |
|     Memory_reg_0_255_31_31    |     0.009 |
|     Memory_reg_0_255_3_3      |     0.004 |
|     Memory_reg_0_255_4_4      |     0.004 |
|     Memory_reg_0_255_5_5      |     0.003 |
|     Memory_reg_0_255_6_6      |     0.005 |
|     Memory_reg_0_255_7_7      |     0.007 |
|     Memory_reg_0_255_8_8      |     0.004 |
|     Memory_reg_0_255_9_9      |     0.004 |
|     Memory_reg_256_511_0_0    |     0.016 |
|     Memory_reg_256_511_10_10  |     0.004 |
|     Memory_reg_256_511_11_11  |     0.004 |
|     Memory_reg_256_511_12_12  |     0.008 |
|     Memory_reg_256_511_13_13  |     0.005 |
|     Memory_reg_256_511_14_14  |     0.004 |
|     Memory_reg_256_511_15_15  |     0.006 |
|     Memory_reg_256_511_16_16  |     0.007 |
|     Memory_reg_256_511_17_17  |     0.004 |
|     Memory_reg_256_511_18_18  |     0.004 |
|     Memory_reg_256_511_19_19  |     0.007 |
|     Memory_reg_256_511_1_1    |     0.006 |
|     Memory_reg_256_511_20_20  |     0.007 |
|     Memory_reg_256_511_21_21  |     0.008 |
|     Memory_reg_256_511_22_22  |     0.008 |
|     Memory_reg_256_511_23_23  |     0.008 |
|     Memory_reg_256_511_24_24  |     0.011 |
|     Memory_reg_256_511_25_25  |     0.008 |
|     Memory_reg_256_511_26_26  |     0.008 |
|     Memory_reg_256_511_27_27  |     0.008 |
|     Memory_reg_256_511_28_28  |     0.009 |
|     Memory_reg_256_511_29_29  |     0.009 |
|     Memory_reg_256_511_2_2    |     0.005 |
|     Memory_reg_256_511_30_30  |     0.008 |
|     Memory_reg_256_511_31_31  |     0.007 |
|     Memory_reg_256_511_3_3    |     0.004 |
|     Memory_reg_256_511_4_4    |     0.005 |
|     Memory_reg_256_511_5_5    |     0.003 |
|     Memory_reg_256_511_6_6    |     0.005 |
|     Memory_reg_256_511_7_7    |     0.006 |
|     Memory_reg_256_511_8_8    |     0.004 |
|     Memory_reg_256_511_9_9    |     0.003 |
|     Memory_reg_512_767_0_0    |     0.017 |
|     Memory_reg_512_767_10_10  |     0.004 |
|     Memory_reg_512_767_11_11  |     0.004 |
|     Memory_reg_512_767_12_12  |     0.008 |
|     Memory_reg_512_767_13_13  |     0.004 |
|     Memory_reg_512_767_14_14  |     0.004 |
|     Memory_reg_512_767_15_15  |     0.006 |
|     Memory_reg_512_767_16_16  |     0.007 |
|     Memory_reg_512_767_17_17  |     0.004 |
|     Memory_reg_512_767_18_18  |     0.004 |
|     Memory_reg_512_767_19_19  |     0.007 |
|     Memory_reg_512_767_1_1    |     0.007 |
|     Memory_reg_512_767_20_20  |     0.007 |
|     Memory_reg_512_767_21_21  |     0.008 |
|     Memory_reg_512_767_22_22  |     0.007 |
|     Memory_reg_512_767_23_23  |     0.008 |
|     Memory_reg_512_767_24_24  |     0.011 |
|     Memory_reg_512_767_25_25  |     0.008 |
|     Memory_reg_512_767_26_26  |     0.008 |
|     Memory_reg_512_767_27_27  |     0.008 |
|     Memory_reg_512_767_28_28  |     0.008 |
|     Memory_reg_512_767_29_29  |     0.008 |
|     Memory_reg_512_767_2_2    |     0.005 |
|     Memory_reg_512_767_30_30  |     0.008 |
|     Memory_reg_512_767_31_31  |     0.007 |
|     Memory_reg_512_767_3_3    |     0.004 |
|     Memory_reg_512_767_4_4    |     0.004 |
|     Memory_reg_512_767_5_5    |     0.003 |
|     Memory_reg_512_767_6_6    |     0.005 |
|     Memory_reg_512_767_7_7    |     0.006 |
|     Memory_reg_512_767_8_8    |     0.004 |
|     Memory_reg_512_767_9_9    |     0.004 |
|     Memory_reg_768_1023_0_0   |     0.015 |
|     Memory_reg_768_1023_10_10 |     0.004 |
|     Memory_reg_768_1023_11_11 |     0.004 |
|     Memory_reg_768_1023_12_12 |     0.007 |
|     Memory_reg_768_1023_13_13 |     0.005 |
|     Memory_reg_768_1023_14_14 |     0.004 |
|     Memory_reg_768_1023_15_15 |     0.006 |
|     Memory_reg_768_1023_16_16 |     0.007 |
|     Memory_reg_768_1023_17_17 |     0.005 |
|     Memory_reg_768_1023_18_18 |     0.005 |
|     Memory_reg_768_1023_19_19 |     0.007 |
|     Memory_reg_768_1023_1_1   |     0.007 |
|     Memory_reg_768_1023_20_20 |     0.008 |
|     Memory_reg_768_1023_21_21 |     0.008 |
|     Memory_reg_768_1023_22_22 |     0.008 |
|     Memory_reg_768_1023_23_23 |     0.008 |
|     Memory_reg_768_1023_24_24 |     0.011 |
|     Memory_reg_768_1023_25_25 |     0.008 |
|     Memory_reg_768_1023_26_26 |     0.008 |
|     Memory_reg_768_1023_27_27 |     0.008 |
|     Memory_reg_768_1023_28_28 |     0.008 |
|     Memory_reg_768_1023_29_29 |     0.008 |
|     Memory_reg_768_1023_2_2   |     0.005 |
|     Memory_reg_768_1023_30_30 |     0.008 |
|     Memory_reg_768_1023_31_31 |     0.007 |
|     Memory_reg_768_1023_3_3   |     0.005 |
|     Memory_reg_768_1023_4_4   |     0.004 |
|     Memory_reg_768_1023_5_5   |     0.004 |
|     Memory_reg_768_1023_6_6   |     0.005 |
|     Memory_reg_768_1023_7_7   |     0.006 |
|     Memory_reg_768_1023_8_8   |     0.004 |
|     Memory_reg_768_1023_9_9   |     0.004 |
|   EX_MEM                      |     2.303 |
|   HiLo                        |     1.754 |
|   ID_EX                       |    20.356 |
|   IF_ID                       |     1.218 |
|   IM                          |     3.236 |
|   MEM_WB                      |     0.427 |
|   MemToRegMux                 |     1.576 |
|   PC                          |     2.745 |
|   PCAdd                       |     0.175 |
|   RegFile                     |     1.436 |
|   loadTreater                 |     0.048 |
|   storeTreater                |     0.192 |
+-------------------------------+-----------+


